[debug] [2022-06-06T10:07:26.976Z] ----------------------------------------------------------------------
[debug] [2022-06-06T10:07:26.984Z] Command:       C:\Program Files\nodejs\node.exe C:\Program Files\nodejs\node_modules\firebase-tools\lib\bin\firebase.js init
[debug] [2022-06-06T10:07:26.986Z] CLI Version:   11.0.1
[debug] [2022-06-06T10:07:26.987Z] Platform:      win32
[debug] [2022-06-06T10:07:26.987Z] Node Version:  v16.14.2
[debug] [2022-06-06T10:07:26.990Z] Time:          Mon Jun 06 2022 15:37:26 GMT+0530 (India Standard Time)
[debug] [2022-06-06T10:07:26.991Z] ----------------------------------------------------------------------
[debug] 
[debug] [2022-06-06T10:07:27.023Z] > command requires scopes: ["email","openid","https://www.googleapis.com/auth/cloudplatformprojects.readonly","https://www.googleapis.com/auth/firebase","https://www.googleapis.com/auth/cloud-platform"]
[debug] [2022-06-06T10:07:27.025Z] > authorizing via signed-in user (balajisri648@gmail.com)
[info] 
     ######## #### ########  ######## ########     ###     ######  ########
     ##        ##  ##     ## ##       ##     ##  ##   ##  ##       ##
     ######    ##  ########  ######   ########  #########  ######  ######
     ##        ##  ##    ##  ##       ##     ## ##     ##       ## ##
     ##       #### ##     ## ######## ########  ##     ##  ######  ########

You're about to initialize a Firebase project in this directory:

  C:\Users\balaj\Desktop\NewsApp

[info] 
=== Project Setup
[info] 
[info] First, let's associate this project directory with a Firebase project.
[info] You can create multiple project aliases by running firebase use --add, 
[info] but for now we'll just set up a default project.
[info] 
[debug] [2022-06-06T10:08:10.386Z] >>> [apiv2][query] GET https://firebase.googleapis.com/v1beta1/projects pageSize=100
[debug] [2022-06-06T10:08:11.702Z] <<< [apiv2][status] GET https://firebase.googleapis.com/v1beta1/projects 200
[debug] [2022-06-06T10:08:11.706Z] <<< [apiv2][body] GET https://firebase.googleapis.com/v1beta1/projects [omitted]
[info] i  Using project express-news-app-395e0 (Express News App) 
[info] 
=== Hosting Setup
[info] 
[info] Your public directory is the folder (relative to your project directory) that
[info] will contain Hosting assets to be uploaded with firebase deploy. If you
[info] have a build process for your assets, use your build's output directory.
[info] 
[info] +  Wrote NewsApp/404.html 
[debug] [2022-06-06T10:09:35.388Z] >>> [apiv2][query] GET https://www.gstatic.com/firebasejs/releases.json [none]
[debug] [2022-06-06T10:09:35.562Z] <<< [apiv2][status] GET https://www.gstatic.com/firebasejs/releases.json 200
[debug] [2022-06-06T10:09:35.565Z] <<< [apiv2][body] GET https://www.gstatic.com/firebasejs/releases.json {"current":{"version":"9.8.2","browserURL":"https://www.gstatic.com/firebasejs/9.8.2/firebase.js","packageURL":"https://www.gstatic.com/firebasejs/9.8.2/firebase.tgz"},"live":{"version":"9.8","browserURL":"https://www.gstatic.com/firebasejs/live/9.8/firebase.js","packageURL":"https://www.gstatic.com/firebasejs/live/9.8/firebase.tgz"},"components":{"analytics":"https://www.gstatic.com/firebasejs/9.8.2/firebase-analytics.js","app":"https://www.gstatic.com/firebasejs/9.8.2/firebase-app.js","app-check":"https://www.gstatic.com/firebasejs/9.8.2/firebase-app-check.js","auth":"https://www.gstatic.com/firebasejs/9.8.2/firebase-auth.js","auth/cordova":"https://www.gstatic.com/firebasejs/9.8.2/firebase-auth/cordova.js","auth/react-native":"https://www.gstatic.com/firebasejs/9.8.2/firebase-auth/react-native.js","functions":"https://www.gstatic.com/firebasejs/9.8.2/firebase-functions.js","firestore":"https://www.gstatic.com/firebasejs/9.8.2/firebase-firestore.js","firestore/lite":"https://www.gstatic.com/firebasejs/9.8.2/firebase-firestore/lite.js","storage":"https://www.gstatic.com/firebasejs/9.8.2/firebase-storage.js","performance":"https://www.gstatic.com/firebasejs/9.8.2/firebase-performance.js","remote-config":"https://www.gstatic.com/firebasejs/9.8.2/firebase-remote-config.js","messaging":"https://www.gstatic.com/firebasejs/9.8.2/firebase-messaging.js","messaging/sw":"https://www.gstatic.com/firebasejs/9.8.2/firebase-messaging/sw.js","database":"https://www.gstatic.com/firebasejs/9.8.2/firebase-database.js","firestore.memory":"https://www.gstatic.com/firebasejs/9.8.2/firebase-firestore.memory.js"}}
[info] +  Wrote NewsApp/index.html 
[info] 
[info] i  Didn't detect a .git folder. Assuming C:\Users\balaj\Desktop\NewsApp is the project root. 
[info] i  Authorizing with GitHub to upload your service account to a GitHub repository's secrets store. 
[info] 
[info] Visit this URL on this device to log in:
[info] https://github.com/login/oauth/authorize?client_id=89cf50f02ac6aaed3484&state=586540018&redirect_uri=http%3A%2F%2Flocalhost%3A9005&scope=read%3Auser%20repo%20public_repo
[info] 
[info] Waiting for authentication...
[debug] [2022-06-06T10:09:50.948Z] >>> HTTP REQUEST POST https://github.com/login/oauth/access_token  
 {"client_id":"89cf50f02ac6aaed3484","client_secret":"3330d14abc895d9a74d5f17cd7a00711fa2c5bf0","code":"973267535340cb9192ef","redirect_uri":"http://localhost:9005","state":"586540018"}
[debug] [2022-06-06T10:09:51.532Z] <<< HTTP RESPONSE 200 {"server":"GitHub.com","date":"Mon, 06 Jun 2022 10:09:51 GMT","content-type":"application/json; charset=utf-8","transfer-encoding":"chunked","vary":"X-PJAX, X-PJAX-Container, Turbo-Visit, Turbo-Frame, Accept-Encoding, Accept, X-Requested-With","permissions-policy":"interest-cohort=()","etag":"W/\"5310dceb48c150b2884874c7ebb5a88b\"","cache-control":"max-age=0, private, must-revalidate","strict-transport-security":"max-age=31536000; includeSubdomains; preload","x-frame-options":"deny","x-content-type-options":"nosniff","x-xss-protection":"0","referrer-policy":"origin-when-cross-origin, strict-origin-when-cross-origin","expect-ct":"max-age=2592000, report-uri=\"https://api.github.com/_private/browser/errors\"","content-security-policy":"default-src 'none'; base-uri 'self'; block-all-mixed-content; child-src github.com/assets-cdn/worker/ gist.github.com/assets-cdn/worker/; connect-src 'self' uploads.github.com objects-origin.githubusercontent.com www.githubstatus.com collector.github.com raw.githubusercontent.com api.github.com github-cloud.s3.amazonaws.com github-production-repository-file-5c1aeb.s3.amazonaws.com github-production-upload-manifest-file-7fdce7.s3.amazonaws.com github-production-user-asset-6210df.s3.amazonaws.com cdn.optimizely.com logx.optimizely.com/v1/events *.actions.githubusercontent.com wss://*.actions.githubusercontent.com online.visualstudio.com/api/v1/locations github-production-repository-image-32fea6.s3.amazonaws.com github-production-release-asset-2e65be.s3.amazonaws.com insights.github.com wss://alive.github.com; font-src github.githubassets.com; form-action 'self' github.com gist.github.com objects-origin.githubusercontent.com; frame-ancestors 'none'; frame-src render.githubusercontent.com viewscreen.githubusercontent.com notebooks.githubusercontent.com; img-src 'self' data: github.githubassets.com identicons.github.com github-cloud.s3.amazonaws.com secured-user-images.githubusercontent.com/ github-production-user-asset-6210df.s3.amazonaws.com *.githubusercontent.com; manifest-src 'self'; media-src github.com user-images.githubusercontent.com/; script-src github.githubassets.com; style-src 'unsafe-inline' github.githubassets.com; worker-src github.com/assets-cdn/worker/ gist.github.com/assets-cdn/worker/","x-github-request-id":"BB76:0B8E:1158B2F:140DC32:629DD26E"}
[debug] [2022-06-06T10:09:51.577Z] >>> [apiv2][query] GET https://api.github.com/user [none]
[debug] [2022-06-06T10:09:52.007Z] <<< [apiv2][status] GET https://api.github.com/user 200
[debug] [2022-06-06T10:09:52.007Z] <<< [apiv2][body] GET https://api.github.com/user {"login":"sribalaji205","id":74287538,"node_id":"MDQ6VXNlcjc0Mjg3NTM4","avatar_url":"https://avatars.githubusercontent.com/u/74287538?v=4","gravatar_id":"","url":"https://api.github.com/users/sribalaji205","html_url":"https://github.com/sribalaji205","followers_url":"https://api.github.com/users/sribalaji205/followers","following_url":"https://api.github.com/users/sribalaji205/following{/other_user}","gists_url":"https://api.github.com/users/sribalaji205/gists{/gist_id}","starred_url":"https://api.github.com/users/sribalaji205/starred{/owner}{/repo}","subscriptions_url":"https://api.github.com/users/sribalaji205/subscriptions","organizations_url":"https://api.github.com/users/sribalaji205/orgs","repos_url":"https://api.github.com/users/sribalaji205/repos","events_url":"https://api.github.com/users/sribalaji205/events{/privacy}","received_events_url":"https://api.github.com/users/sribalaji205/received_events","type":"User","site_admin":false,"name":"Sribalaji V G","company":null,"blog":"","location":null,"email":"balajisri648@gmail.com","hireable":null,"bio":null,"twitter_username":null,"public_repos":7,"public_gists":0,"followers":5,"following":6,"created_at":"2020-11-11T06:23:39Z","updated_at":"2022-04-14T07:25:40Z","private_gists":0,"total_private_repos":1,"owned_private_repos":1,"disk_usage":6208,"collaborators":2,"two_factor_authentication":false,"plan":{"name":"free","space":976562499,"collaborators":0,"private_repos":10000}}
[info] 
[info] +  Success! Logged into GitHub as sribalaji205 
[info] 
